<?xml version="1.0" encoding="UTF-8"?>
<testng-results skipped="0" failed="0" ignored="0" total="1" passed="1">
  <reporter-output>
  </reporter-output>
  <suite name="Default suite" duration-ms="28628" started-at="2018-02-05T10:45:31Z" finished-at="2018-02-05T10:46:00Z">
    <groups>
    </groups>
    <test name="Default test" duration-ms="28628" started-at="2018-02-05T10:45:31Z" finished-at="2018-02-05T10:46:00Z">
      <class name="com.test.automation.uiautomation.homepage.TC001_VerifyloginWithInvalidCredentials">
        <test-method status="PASS" signature="setUp()[pri:0, instance:com.test.automation.uiautomation.homepage.TC001_VerifyloginWithInvalidCredentials@5e5792a0]" name="setUp" is-config="true" duration-ms="23906" started-at="2018-02-05T16:15:31Z" finished-at="2018-02-05T16:15:55Z">
          <reporter-output>
          </reporter-output>
        </test-method> <!-- setUp -->
        <test-method status="PASS" signature="verifyloginWithInvalidCredentials()[pri:0, instance:com.test.automation.uiautomation.homepage.TC001_VerifyloginWithInvalidCredentials@5e5792a0]" name="verifyloginWithInvalidCredentials" duration-ms="4637" started-at="2018-02-05T16:15:55Z" finished-at="2018-02-05T16:16:00Z">
          <reporter-output>
          </reporter-output>
        </test-method> <!-- verifyloginWithInvalidCredentials -->
        <test-method status="PASS" signature="endTest()[pri:0, instance:com.test.automation.uiautomation.homepage.TC001_VerifyloginWithInvalidCredentials@5e5792a0]" name="endTest" is-config="true" duration-ms="64" started-at="2018-02-05T16:16:00Z" finished-at="2018-02-05T16:16:00Z">
          <reporter-output>
          </reporter-output>
        </test-method> <!-- endTest -->
      </class> <!-- com.test.automation.uiautomation.homepage.TC001_VerifyloginWithInvalidCredentials -->
    </test> <!-- Default test -->
  </suite> <!-- Default suite -->
</testng-results>
